<?xml version="1.0" encoding="UTF-8"?>
<!-- Generated by org.testng.reporters.JUnitReportReporter -->
<testsuite hostname="LAPTOP-JIILATFC" failures="0" tests="1" name="com.qa.testcases.LoginpageTest" time="13.529" errors="0" timestamp="05 Mar 2022 11:46:22 GMT" skipped="0">
  <testcase classname="com.qa.testcases.LoginpageTest" name="loginTest" time="13.529"/>
</testsuite> <!-- com.qa.testcases.LoginpageTest -->
