<?xml version="1.0" encoding="UTF-8"?>
<!-- Generated by org.testng.reporters.JUnitReportReporter -->
<testsuite hostname="LAPTOP-JIILATFC" failures="0" tests="2" name="com.qa.testcases.HomePageTest" time="1.163" errors="0" timestamp="05 Mar 2022 12:26:52 GMT" skipped="0">
  <testcase classname="com.qa.testcases.HomePageTest" name="validateLogo" time="0.046"/>
  <testcase classname="com.qa.testcases.HomePageTest" name="assignLeaveClick" time="1.117"/>
</testsuite> <!-- com.qa.testcases.HomePageTest -->
